<?xml version="1.0" encoding="UTF-8"?>
<testsuites name="jest tests" tests="10" failures="0" errors="0" time="1.556">
  <testsuite name="[Controller API] Callbacks" errors="0" failures="0" skipped="0" timestamp="2024-12-30T16:16:14" time="1.328" tests="10">
    <testcase classname="[Controller API] Callbacks INIT Callback without params" name="[Controller API] Callbacks INIT Callback without params" time="0.007">
    </testcase>
    <testcase classname="[Controller API] Callbacks INIT Callback with params" name="[Controller API] Callbacks INIT Callback with params" time="0.001">
    </testcase>
    <testcase classname="[Controller API] Callbacks DataSet Callback" name="[Controller API] Callbacks DataSet Callback" time="0.001">
    </testcase>
    <testcase classname="[Controller API] Sending Requests Configuration Issues" name="[Controller API] Sending Requests Configuration Issues" time="0.001">
    </testcase>
    <testcase classname="[Controller API] Sending Requests Configuration Fixed" name="[Controller API] Sending Requests Configuration Fixed" time="0.002">
    </testcase>
    <testcase classname="[Controller API] Sending Requests Filter" name="[Controller API] Sending Requests Filter" time="0">
    </testcase>
    <testcase classname="[Controller API] Function Calls Function Success" name="[Controller API] Function Calls Function Success" time="0.002">
    </testcase>
    <testcase classname="[Controller API] Function Calls Function Success" name="[Controller API] Function Calls Function Success" time="0.003">
    </testcase>
    <testcase classname="[Controller API] Function Calls Function Not Found" name="[Controller API] Function Calls Function Not Found" time="0.002">
    </testcase>
    <testcase classname="[Controller API] Function Calls Function Execution Error" name="[Controller API] Function Calls Function Execution Error" time="0.003">
    </testcase>
  </testsuite>
</testsuites>